c:\gitworkspace\peopledetectionandtracking\peopledetectionandtracking\x64\release\vc120.pdb
c:\gitworkspace\peopledetectionandtracking\peopledetectionandtracking\x64\release\videoprocessor.obj
c:\gitworkspace\peopledetectionandtracking\peopledetectionandtracking\x64\release\testnew.obj
c:\gitworkspace\peopledetectionandtracking\peopledetectionandtracking\x64\release\stdafx.obj
c:\gitworkspace\peopledetectionandtracking\peopledetectionandtracking\x64\release\objectandkf.obj
c:\gitworkspace\peopledetectionandtracking\peopledetectionandtracking\x64\release\dllmain.obj
c:\gitworkspace\peopledetectionandtracking\peopledetectionandtracking\x64\release\detectiondef.obj
c:\gitworkspace\peopledetectionandtracking\peopledetectionandtracking\x64\release\cimgproc.obj
c:\gitworkspace\peopledetectionandtracking\peopledetectionandtracking\x64\release\ccoloraly.obj
c:\gitworkspace\peopledetectionandtracking\peopledetectionandtracking\x64\release\cblob3.obj
c:\gitworkspace\peopledetectionandtracking\x64\release\peopledetectionandtracking.exe
c:\gitworkspace\peopledetectionandtracking\x64\release\peopledetectionandtracking.pdb
d:\vs2013projectopencv3.0\gitworkspace\peopledetectionandtracking\peopledetectionandtracking\peopledetectionandtracking\x64\release\cblob3.obj
d:\vs2013projectopencv3.0\gitworkspace\peopledetectionandtracking\peopledetectionandtracking\peopledetectionandtracking\x64\release\ccoloraly.obj
d:\vs2013projectopencv3.0\gitworkspace\peopledetectionandtracking\peopledetectionandtracking\peopledetectionandtracking\x64\release\cimgproc.obj
d:\vs2013projectopencv3.0\gitworkspace\peopledetectionandtracking\peopledetectionandtracking\peopledetectionandtracking\x64\release\detectiondef.obj
d:\vs2013projectopencv3.0\gitworkspace\peopledetectionandtracking\peopledetectionandtracking\peopledetectionandtracking\x64\release\dllmain.obj
d:\vs2013projectopencv3.0\gitworkspace\peopledetectionandtracking\peopledetectionandtracking\peopledetectionandtracking\x64\release\objectandkf.obj
d:\vs2013projectopencv3.0\gitworkspace\peopledetectionandtracking\peopledetectionandtracking\peopledetectionandtracking\x64\release\stdafx.obj
d:\vs2013projectopencv3.0\gitworkspace\peopledetectionandtracking\peopledetectionandtracking\peopledetectionandtracking\x64\release\testnew.obj
d:\vs2013projectopencv3.0\gitworkspace\peopledetectionandtracking\peopledetectionandtracking\peopledetectionandtracking\x64\release\videoprocessor.obj
d:\vs2013projectopencv3.0\gitworkspace\peopledetectionandtracking\peopledetectionandtracking\peopledetectionandtracking\x64\release\vc120.pdb
d:\vs2013projectopencv3.0\gitworkspace\peopledetectionandtracking\peopledetectionandtracking\x64\release\peopledetectionandtracking.pdb
d:\vs2013projectopencv3.0\gitworkspace\peopledetectionandtracking\peopledetectionandtracking\x64\release\peopledetectionandtracking.exe
d:\vs2013projectopencv3.0\gitworkspace\peopledetectionandtracking\peopledetectionandtracking\peopledetectionandtracking\x64\release\peoplede.79a2e6db.tlog\cl.command.1.tlog
d:\vs2013projectopencv3.0\gitworkspace\peopledetectionandtracking\peopledetectionandtracking\peopledetectionandtracking\x64\release\peoplede.79a2e6db.tlog\cl.read.1.tlog
d:\vs2013projectopencv3.0\gitworkspace\peopledetectionandtracking\peopledetectionandtracking\peopledetectionandtracking\x64\release\peoplede.79a2e6db.tlog\cl.write.1.tlog
d:\vs2013projectopencv3.0\gitworkspace\peopledetectionandtracking\peopledetectionandtracking\peopledetectionandtracking\x64\release\peoplede.79a2e6db.tlog\link.command.1.tlog
d:\vs2013projectopencv3.0\gitworkspace\peopledetectionandtracking\peopledetectionandtracking\peopledetectionandtracking\x64\release\peoplede.79a2e6db.tlog\link.read.1.tlog
d:\vs2013projectopencv3.0\gitworkspace\peopledetectionandtracking\peopledetectionandtracking\peopledetectionandtracking\x64\release\peoplede.79a2e6db.tlog\link.write.1.tlog
