c:\gitworkspace\peopledetectionandtracking\peopledetectionandtracking\x64\debug\vc120.pdb
c:\gitworkspace\peopledetectionandtracking\peopledetectionandtracking\x64\debug\vc120.idb
c:\gitworkspace\peopledetectionandtracking\peopledetectionandtracking\x64\debug\cblob3.obj
c:\gitworkspace\peopledetectionandtracking\peopledetectionandtracking\x64\debug\ccoloraly.obj
c:\gitworkspace\peopledetectionandtracking\peopledetectionandtracking\x64\debug\cimgproc.obj
c:\gitworkspace\peopledetectionandtracking\peopledetectionandtracking\x64\debug\detectiondef.obj
c:\gitworkspace\peopledetectionandtracking\peopledetectionandtracking\x64\debug\dllmain.obj
c:\gitworkspace\peopledetectionandtracking\peopledetectionandtracking\x64\debug\objectandkf.obj
c:\gitworkspace\peopledetectionandtracking\peopledetectionandtracking\x64\debug\stdafx.obj
c:\gitworkspace\peopledetectionandtracking\peopledetectionandtracking\x64\debug\testnew.obj
c:\gitworkspace\peopledetectionandtracking\peopledetectionandtracking\x64\debug\videoprocessor.obj
c:\gitworkspace\peopledetectionandtracking\x64\debug\peopledetectionandtracking.ilk
c:\gitworkspace\peopledetectionandtracking\x64\debug\peopledetectionandtracking.exe
c:\gitworkspace\peopledetectionandtracking\x64\debug\peopledetectionandtracking.pdb
d:\vs2013projectopencv3.0\gitworkspace\peopledetectionandtracking\peopledetectionandtracking\peopledetectionandtracking\x64\debug\cblob3.obj
d:\vs2013projectopencv3.0\gitworkspace\peopledetectionandtracking\peopledetectionandtracking\peopledetectionandtracking\x64\debug\ccoloraly.obj
d:\vs2013projectopencv3.0\gitworkspace\peopledetectionandtracking\peopledetectionandtracking\peopledetectionandtracking\x64\debug\cimgproc.obj
d:\vs2013projectopencv3.0\gitworkspace\peopledetectionandtracking\peopledetectionandtracking\peopledetectionandtracking\x64\debug\detectiondef.obj
d:\vs2013projectopencv3.0\gitworkspace\peopledetectionandtracking\peopledetectionandtracking\peopledetectionandtracking\x64\debug\dllmain.obj
d:\vs2013projectopencv3.0\gitworkspace\peopledetectionandtracking\peopledetectionandtracking\peopledetectionandtracking\x64\debug\objectandkf.obj
d:\vs2013projectopencv3.0\gitworkspace\peopledetectionandtracking\peopledetectionandtracking\peopledetectionandtracking\x64\debug\stdafx.obj
d:\vs2013projectopencv3.0\gitworkspace\peopledetectionandtracking\peopledetectionandtracking\peopledetectionandtracking\x64\debug\testnew.obj
d:\vs2013projectopencv3.0\gitworkspace\peopledetectionandtracking\peopledetectionandtracking\peopledetectionandtracking\x64\debug\videoprocessor.obj
d:\vs2013projectopencv3.0\gitworkspace\peopledetectionandtracking\peopledetectionandtracking\peopledetectionandtracking\x64\debug\vc120.idb
d:\vs2013projectopencv3.0\gitworkspace\peopledetectionandtracking\peopledetectionandtracking\peopledetectionandtracking\x64\debug\vc120.pdb
d:\vs2013projectopencv3.0\gitworkspace\peopledetectionandtracking\peopledetectionandtracking\x64\debug\peopledetectionandtracking.pdb
d:\vs2013projectopencv3.0\gitworkspace\peopledetectionandtracking\peopledetectionandtracking\x64\debug\peopledetectionandtracking.exe
d:\vs2013projectopencv3.0\gitworkspace\peopledetectionandtracking\peopledetectionandtracking\x64\debug\peopledetectionandtracking.ilk
d:\vs2013projectopencv3.0\gitworkspace\peopledetectionandtracking\peopledetectionandtracking\peopledetectionandtracking\x64\debug\peoplede.79a2e6db.tlog\cl.command.1.tlog
d:\vs2013projectopencv3.0\gitworkspace\peopledetectionandtracking\peopledetectionandtracking\peopledetectionandtracking\x64\debug\peoplede.79a2e6db.tlog\cl.read.1.tlog
d:\vs2013projectopencv3.0\gitworkspace\peopledetectionandtracking\peopledetectionandtracking\peopledetectionandtracking\x64\debug\peoplede.79a2e6db.tlog\cl.write.1.tlog
d:\vs2013projectopencv3.0\gitworkspace\peopledetectionandtracking\peopledetectionandtracking\peopledetectionandtracking\x64\debug\peoplede.79a2e6db.tlog\link.command.1.tlog
d:\vs2013projectopencv3.0\gitworkspace\peopledetectionandtracking\peopledetectionandtracking\peopledetectionandtracking\x64\debug\peoplede.79a2e6db.tlog\link.read.1.tlog
d:\vs2013projectopencv3.0\gitworkspace\peopledetectionandtracking\peopledetectionandtracking\peopledetectionandtracking\x64\debug\peoplede.79a2e6db.tlog\link.write.1.tlog
